2021-11-28T03:40:31+00:00 CRITICAL Uncaught ArgumentCountError: 3 arguments are required, 2 given in D:\xamp\htdocs\wordpress\wp-admin\includes\class-bulk-upgrader-skin.php:152
Stack trace:
#0 D:\xamp\htdocs\wordpress\wp-admin\includes\class-bulk-upgrader-skin.php(152): sprintf('%1$s installed ...', 'Contact Form 7')
#1 D:\xamp\htdocs\wordpress\wp-content\themes\porto\inc\plugins\tgm-plugin-activation\class-tgm-plugin-activation.php(3712): Bulk_Upgrader_Skin->after('Contact Form 7')
#2 D:\xamp\htdocs\wordpress\wp-admin\includes\class-wp-upgrader.php(823): TGMPA_Bulk_Installer_Skin->after()
#3 D:\xamp\htdocs\wordpress\wp-content\themes\porto\inc\plugins\tgm-plugin-activation\class-tgm-plugin-activation.php(3328): WP_Upgrader->run(Array)
#4 D:\xamp\htdocs\wordpress\wp-content\themes\porto\inc\plugins\tgm-plugin-activation\class-tgm-plugin-activation.php(3441): TGMPA_Bulk_Installer->run(Array)
#5 D:\xamp\htdocs\wordpress\wp-content\themes\porto\inc\plugins\tgm-plugin-activation\class-tgm-plugin-activation.php(3047): TGMPA_Bulk_Installer->bulk_install(Array)
#6 D:\xamp\htdocs\wordpress\wp-content\themes\porto\inc\plugins\tgm-plugin-activation\class-tgm-plugin-activation.php(773): TGMPA_List_Table->process_bulk_actions()
#7 D:\xamp\htdocs\wordpress\wp-includes\class-wp-hook.php(303): TGM_Plugin_Activation->install_plugins_page('')
#8 D:\xamp\htdocs\wordpress\wp-includes\class-wp-hook.php(327): WP_Hook->apply_filters('', Array)
#9 D:\xamp\htdocs\wordpress\wp-includes\plugin.php(470): WP_Hook->do_action(Array)
#10 D:\xamp\htdocs\wordpress\wp-admin\admin.php(259): do_action('appearance_page...')
#11 D:\xamp\htdocs\wordpress\wp-admin\themes.php(10): require_once('D:\\xamp\\htdocs\\...')
#12 {main}
  thrown in D:\xamp\htdocs\wordpress\wp-admin\includes\class-bulk-upgrader-skin.php on line 152

2021-11-28T03:40:54+00:00 CRITICAL Uncaught ArgumentCountError: 3 arguments are required, 2 given in D:\xamp\htdocs\wordpress\wp-admin\includes\class-bulk-upgrader-skin.php:152
Stack trace:
#0 D:\xamp\htdocs\wordpress\wp-admin\includes\class-bulk-upgrader-skin.php(152): sprintf('%1$s installed ...', 'Dynamic Feature...')
#1 D:\xamp\htdocs\wordpress\wp-content\themes\porto\inc\plugins\tgm-plugin-activation\class-tgm-plugin-activation.php(3712): Bulk_Upgrader_Skin->after('Dynamic Feature...')
#2 D:\xamp\htdocs\wordpress\wp-admin\includes\class-wp-upgrader.php(823): TGMPA_Bulk_Installer_Skin->after()
#3 D:\xamp\htdocs\wordpress\wp-content\themes\porto\inc\plugins\tgm-plugin-activation\class-tgm-plugin-activation.php(3328): WP_Upgrader->run(Array)
#4 D:\xamp\htdocs\wordpress\wp-content\themes\porto\inc\plugins\tgm-plugin-activation\class-tgm-plugin-activation.php(3441): TGMPA_Bulk_Installer->run(Array)
#5 D:\xamp\htdocs\wordpress\wp-content\themes\porto\inc\plugins\tgm-plugin-activation\class-tgm-plugin-activation.php(3047): TGMPA_Bulk_Installer->bulk_install(Array)
#6 D:\xamp\htdocs\wordpress\wp-content\themes\porto\inc\plugins\tgm-plugin-activation\class-tgm-plugin-activation.php(773): TGMPA_List_Table->process_bulk_actions()
#7 D:\xamp\htdocs\wordpress\wp-includes\class-wp-hook.php(303): TGM_Plugin_Activation->install_plugins_page('')
#8 D:\xamp\htdocs\wordpress\wp-includes\class-wp-hook.php(327): WP_Hook->apply_filters('', Array)
#9 D:\xamp\htdocs\wordpress\wp-includes\plugin.php(470): WP_Hook->do_action(Array)
#10 D:\xamp\htdocs\wordpress\wp-admin\admin.php(259): do_action('appearance_page...')
#11 D:\xamp\htdocs\wordpress\wp-admin\themes.php(10): require_once('D:\\xamp\\htdocs\\...')
#12 {main}
  thrown in D:\xamp\htdocs\wordpress\wp-admin\includes\class-bulk-upgrader-skin.php on line 152

