2021-12-08T08:41:00+00:00 CRITICAL Uncaught TypeError: Cannot access offset of type string on string in D:\Programs\xampp\htdocs\wordpress\project-cms-groupb\wp-content\plugins\porto-functionality\shortcodes\woo_shortcodes\porto_featured_products.php:10
Stack trace:
#0 D:\Programs\xampp\htdocs\wordpress\project-cms-groupb\wp-includes\shortcodes.php(356): porto_shortcode_featured_products('', '', 'porto_featured_...')
#1 [internal function]: do_shortcode_tag(Array)
#2 D:\Programs\xampp\htdocs\wordpress\project-cms-groupb\wp-includes\shortcodes.php(228): preg_replace_callback('/\\[(\\[?)(porto_...', 'do_shortcode_ta...', '[porto_featured...')
#3 D:\Programs\xampp\htdocs\wordpress\project-cms-groupb\wp-content\plugins\js_composer\include\classes\editors\class-vc-frontend-editor.php(729): do_shortcode('[porto_featured...')
#4 D:\Programs\xampp\htdocs\wordpress\project-cms-groupb\wp-content\plugins\js_composer\include\classes\editors\class-vc-frontend-editor.php(653): Vc_Frontend_Editor->renderShortcodes(Array)
#5 D:\Programs\xampp\htdocs\wordpress\project-cms-groupb\wp-includes\class-wp-hook.php(303): Vc_Frontend_Editor->loadShortcodes('')
#6 D:\Programs\xampp\htdocs\wordpress\project-cms-groupb\wp-includes\class-wp-hook.php(327): WP_Hook->apply_filters(NULL, Array)
#7 D:\Programs\xampp\htdocs\wordpress\project-cms-groupb\wp-includes\plugin.php(470): WP_Hook->do_action(Array)
#8 D:\Programs\xampp\htdocs\wordpress\project-cms-groupb\wp-includes\template-loader.php(13): do_action('template_redire...')
#9 D:\Programs\xampp\htdocs\wordpress\project-cms-groupb\wp-blog-header.php(19): require_once('D:\\Programs\\xam...')
#10 D:\Programs\xampp\htdocs\wordpress\project-cms-groupb\index.php(17): require('D:\\Programs\\xam...')
#11 {main}
  thrown in D:\Programs\xampp\htdocs\wordpress\project-cms-groupb\wp-content\plugins\porto-functionality\shortcodes\woo_shortcodes\porto_featured_products.php on line 10

2021-12-08T08:42:01+00:00 CRITICAL Uncaught TypeError: Cannot access offset of type string on string in D:\Programs\xampp\htdocs\wordpress\project-cms-groupb\wp-content\plugins\porto-functionality\shortcodes\woo_shortcodes\porto_featured_products.php:10
Stack trace:
#0 D:\Programs\xampp\htdocs\wordpress\project-cms-groupb\wp-includes\shortcodes.php(356): porto_shortcode_featured_products('', '', 'porto_featured_...')
#1 [internal function]: do_shortcode_tag(Array)
#2 D:\Programs\xampp\htdocs\wordpress\project-cms-groupb\wp-includes\shortcodes.php(228): preg_replace_callback('/\\[(\\[?)(porto_...', 'do_shortcode_ta...', '[porto_featured...')
#3 D:\Programs\xampp\htdocs\wordpress\project-cms-groupb\wp-content\plugins\js_composer\include\classes\editors\class-vc-frontend-editor.php(729): do_shortcode('[porto_featured...')
#4 D:\Programs\xampp\htdocs\wordpress\project-cms-groupb\wp-content\plugins\js_composer\include\classes\editors\class-vc-frontend-editor.php(653): Vc_Frontend_Editor->renderShortcodes(Array)
#5 D:\Programs\xampp\htdocs\wordpress\project-cms-groupb\wp-includes\class-wp-hook.php(303): Vc_Frontend_Editor->loadShortcodes('')
#6 D:\Programs\xampp\htdocs\wordpress\project-cms-groupb\wp-includes\class-wp-hook.php(327): WP_Hook->apply_filters(NULL, Array)
#7 D:\Programs\xampp\htdocs\wordpress\project-cms-groupb\wp-includes\plugin.php(470): WP_Hook->do_action(Array)
#8 D:\Programs\xampp\htdocs\wordpress\project-cms-groupb\wp-includes\template-loader.php(13): do_action('template_redire...')
#9 D:\Programs\xampp\htdocs\wordpress\project-cms-groupb\wp-blog-header.php(19): require_once('D:\\Programs\\xam...')
#10 D:\Programs\xampp\htdocs\wordpress\project-cms-groupb\index.php(17): require('D:\\Programs\\xam...')
#11 {main}
  thrown in D:\Programs\xampp\htdocs\wordpress\project-cms-groupb\wp-content\plugins\porto-functionality\shortcodes\woo_shortcodes\porto_featured_products.php on line 10

2021-12-08T08:47:31+00:00 CRITICAL Uncaught TypeError: Cannot access offset of type string on string in D:\Programs\xampp\htdocs\wordpress\project-cms-groupb\wp-content\plugins\porto-functionality\shortcodes\woo_shortcodes\porto_featured_products.php:10
Stack trace:
#0 D:\Programs\xampp\htdocs\wordpress\project-cms-groupb\wp-includes\shortcodes.php(356): porto_shortcode_featured_products('', '', 'porto_featured_...')
#1 [internal function]: do_shortcode_tag(Array)
#2 D:\Programs\xampp\htdocs\wordpress\project-cms-groupb\wp-includes\shortcodes.php(228): preg_replace_callback('/\\[(\\[?)(porto_...', 'do_shortcode_ta...', '[porto_featured...')
#3 D:\Programs\xampp\htdocs\wordpress\project-cms-groupb\wp-content\plugins\js_composer\include\classes\editors\class-vc-frontend-editor.php(729): do_shortcode('[porto_featured...')
#4 D:\Programs\xampp\htdocs\wordpress\project-cms-groupb\wp-content\plugins\js_composer\include\classes\editors\class-vc-frontend-editor.php(653): Vc_Frontend_Editor->renderShortcodes(Array)
#5 D:\Programs\xampp\htdocs\wordpress\project-cms-groupb\wp-includes\class-wp-hook.php(303): Vc_Frontend_Editor->loadShortcodes('')
#6 D:\Programs\xampp\htdocs\wordpress\project-cms-groupb\wp-includes\class-wp-hook.php(327): WP_Hook->apply_filters(NULL, Array)
#7 D:\Programs\xampp\htdocs\wordpress\project-cms-groupb\wp-includes\plugin.php(470): WP_Hook->do_action(Array)
#8 D:\Programs\xampp\htdocs\wordpress\project-cms-groupb\wp-includes\template-loader.php(13): do_action('template_redire...')
#9 D:\Programs\xampp\htdocs\wordpress\project-cms-groupb\wp-blog-header.php(19): require_once('D:\\Programs\\xam...')
#10 D:\Programs\xampp\htdocs\wordpress\project-cms-groupb\index.php(17): require('D:\\Programs\\xam...')
#11 {main}
  thrown in D:\Programs\xampp\htdocs\wordpress\project-cms-groupb\wp-content\plugins\porto-functionality\shortcodes\woo_shortcodes\porto_featured_products.php on line 10

2021-12-08T08:48:39+00:00 CRITICAL Uncaught TypeError: Cannot access offset of type string on string in D:\Programs\xampp\htdocs\wordpress\project-cms-groupb\wp-content\plugins\porto-functionality\shortcodes\woo_shortcodes\porto_featured_products.php:10
Stack trace:
#0 D:\Programs\xampp\htdocs\wordpress\project-cms-groupb\wp-includes\shortcodes.php(356): porto_shortcode_featured_products('', '', 'porto_featured_...')
#1 [internal function]: do_shortcode_tag(Array)
#2 D:\Programs\xampp\htdocs\wordpress\project-cms-groupb\wp-includes\shortcodes.php(228): preg_replace_callback('/\\[(\\[?)(porto_...', 'do_shortcode_ta...', '[porto_featured...')
#3 D:\Programs\xampp\htdocs\wordpress\project-cms-groupb\wp-content\plugins\js_composer\include\classes\editors\class-vc-frontend-editor.php(729): do_shortcode('[porto_featured...')
#4 D:\Programs\xampp\htdocs\wordpress\project-cms-groupb\wp-content\plugins\js_composer\include\classes\editors\class-vc-frontend-editor.php(653): Vc_Frontend_Editor->renderShortcodes(Array)
#5 D:\Programs\xampp\htdocs\wordpress\project-cms-groupb\wp-includes\class-wp-hook.php(303): Vc_Frontend_Editor->loadShortcodes('')
#6 D:\Programs\xampp\htdocs\wordpress\project-cms-groupb\wp-includes\class-wp-hook.php(327): WP_Hook->apply_filters(NULL, Array)
#7 D:\Programs\xampp\htdocs\wordpress\project-cms-groupb\wp-includes\plugin.php(470): WP_Hook->do_action(Array)
#8 D:\Programs\xampp\htdocs\wordpress\project-cms-groupb\wp-includes\template-loader.php(13): do_action('template_redire...')
#9 D:\Programs\xampp\htdocs\wordpress\project-cms-groupb\wp-blog-header.php(19): require_once('D:\\Programs\\xam...')
#10 D:\Programs\xampp\htdocs\wordpress\project-cms-groupb\index.php(17): require('D:\\Programs\\xam...')
#11 {main}
  thrown in D:\Programs\xampp\htdocs\wordpress\project-cms-groupb\wp-content\plugins\porto-functionality\shortcodes\woo_shortcodes\porto_featured_products.php on line 10

2021-12-08T08:49:56+00:00 CRITICAL Uncaught TypeError: Cannot access offset of type string on string in D:\Programs\xampp\htdocs\wordpress\project-cms-groupb\wp-content\plugins\porto-functionality\shortcodes\woo_shortcodes\porto_featured_products.php:10
Stack trace:
#0 D:\Programs\xampp\htdocs\wordpress\project-cms-groupb\wp-includes\shortcodes.php(356): porto_shortcode_featured_products('', '', 'porto_featured_...')
#1 [internal function]: do_shortcode_tag(Array)
#2 D:\Programs\xampp\htdocs\wordpress\project-cms-groupb\wp-includes\shortcodes.php(228): preg_replace_callback('/\\[(\\[?)(porto_...', 'do_shortcode_ta...', '[porto_featured...')
#3 D:\Programs\xampp\htdocs\wordpress\project-cms-groupb\wp-content\plugins\js_composer\include\classes\editors\class-vc-frontend-editor.php(729): do_shortcode('[porto_featured...')
#4 D:\Programs\xampp\htdocs\wordpress\project-cms-groupb\wp-content\plugins\js_composer\include\classes\editors\class-vc-frontend-editor.php(653): Vc_Frontend_Editor->renderShortcodes(Array)
#5 D:\Programs\xampp\htdocs\wordpress\project-cms-groupb\wp-includes\class-wp-hook.php(303): Vc_Frontend_Editor->loadShortcodes('')
#6 D:\Programs\xampp\htdocs\wordpress\project-cms-groupb\wp-includes\class-wp-hook.php(327): WP_Hook->apply_filters(NULL, Array)
#7 D:\Programs\xampp\htdocs\wordpress\project-cms-groupb\wp-includes\plugin.php(470): WP_Hook->do_action(Array)
#8 D:\Programs\xampp\htdocs\wordpress\project-cms-groupb\wp-includes\template-loader.php(13): do_action('template_redire...')
#9 D:\Programs\xampp\htdocs\wordpress\project-cms-groupb\wp-blog-header.php(19): require_once('D:\\Programs\\xam...')
#10 D:\Programs\xampp\htdocs\wordpress\project-cms-groupb\index.php(17): require('D:\\Programs\\xam...')
#11 {main}
  thrown in D:\Programs\xampp\htdocs\wordpress\project-cms-groupb\wp-content\plugins\porto-functionality\shortcodes\woo_shortcodes\porto_featured_products.php on line 10

2021-12-08T18:37:52+00:00 CRITICAL Uncaught TypeError: Cannot access offset of type string on string in D:\Programs\xampp\htdocs\wordpress\project-cms-groupb\wp-content\plugins\porto-functionality\shortcodes\templates\porto_info_box.php:3
Stack trace:
#0 D:\Programs\xampp\htdocs\wordpress\project-cms-groupb\wp-content\plugins\porto-functionality\shortcodes\porto-shortcodes.php(402): include()
#1 D:\Programs\xampp\htdocs\wordpress\project-cms-groupb\wp-includes\shortcodes.php(356): PortoShortcodesClass->{closure}('', '', 'porto_info_box')
#2 [internal function]: do_shortcode_tag(Array)
#3 D:\Programs\xampp\htdocs\wordpress\project-cms-groupb\wp-includes\shortcodes.php(228): preg_replace_callback('/\\[(\\[?)(porto_...', 'do_shortcode_ta...', '[porto_info_box...')
#4 D:\Programs\xampp\htdocs\wordpress\project-cms-groupb\wp-content\plugins\js_composer\include\classes\editors\class-vc-frontend-editor.php(729): do_shortcode('[porto_info_box...')
#5 D:\Programs\xampp\htdocs\wordpress\project-cms-groupb\wp-content\plugins\js_composer\include\classes\editors\class-vc-frontend-editor.php(653): Vc_Frontend_Editor->renderShortcodes(Array)
#6 D:\Programs\xampp\htdocs\wordpress\project-cms-groupb\wp-includes\class-wp-hook.php(303): Vc_Frontend_Editor->loadShortcodes('')
#7 D:\Programs\xampp\htdocs\wordpress\project-cms-groupb\wp-includes\class-wp-hook.php(327): WP_Hook->apply_filters(NULL, Array)
#8 D:\Programs\xampp\htdocs\wordpress\project-cms-groupb\wp-includes\plugin.php(470): WP_Hook->do_action(Array)
#9 D:\Programs\xampp\htdocs\wordpress\project-cms-groupb\wp-includes\template-loader.php(13): do_action('template_redire...')
#10 D:\Programs\xampp\htdocs\wordpress\project-cms-groupb\wp-blog-header.php(19): require_once('D:\\Programs\\xam...')
#11 D:\Programs\xampp\htdocs\wordpress\project-cms-groupb\index.php(17): require('D:\\Programs\\xam...')
#12 {main}
  thrown in D:\Programs\xampp\htdocs\wordpress\project-cms-groupb\wp-content\plugins\porto-functionality\shortcodes\templates\porto_info_box.php on line 3

2021-12-08T18:42:20+00:00 CRITICAL Uncaught TypeError: Cannot access offset of type string on string in D:\Programs\xampp\htdocs\wordpress\project-cms-groupb\wp-content\plugins\porto-functionality\shortcodes\templates\porto_info_box.php:3
Stack trace:
#0 D:\Programs\xampp\htdocs\wordpress\project-cms-groupb\wp-content\plugins\porto-functionality\shortcodes\porto-shortcodes.php(402): include()
#1 D:\Programs\xampp\htdocs\wordpress\project-cms-groupb\wp-includes\shortcodes.php(356): PortoShortcodesClass->{closure}('', '', 'porto_info_box')
#2 [internal function]: do_shortcode_tag(Array)
#3 D:\Programs\xampp\htdocs\wordpress\project-cms-groupb\wp-includes\shortcodes.php(228): preg_replace_callback('/\\[(\\[?)(porto_...', 'do_shortcode_ta...', '[porto_info_box...')
#4 D:\Programs\xampp\htdocs\wordpress\project-cms-groupb\wp-content\plugins\js_composer\include\classes\editors\class-vc-frontend-editor.php(729): do_shortcode('[porto_info_box...')
#5 D:\Programs\xampp\htdocs\wordpress\project-cms-groupb\wp-content\plugins\js_composer\include\classes\editors\class-vc-frontend-editor.php(653): Vc_Frontend_Editor->renderShortcodes(Array)
#6 D:\Programs\xampp\htdocs\wordpress\project-cms-groupb\wp-includes\class-wp-hook.php(303): Vc_Frontend_Editor->loadShortcodes('')
#7 D:\Programs\xampp\htdocs\wordpress\project-cms-groupb\wp-includes\class-wp-hook.php(327): WP_Hook->apply_filters(NULL, Array)
#8 D:\Programs\xampp\htdocs\wordpress\project-cms-groupb\wp-includes\plugin.php(470): WP_Hook->do_action(Array)
#9 D:\Programs\xampp\htdocs\wordpress\project-cms-groupb\wp-includes\template-loader.php(13): do_action('template_redire...')
#10 D:\Programs\xampp\htdocs\wordpress\project-cms-groupb\wp-blog-header.php(19): require_once('D:\\Programs\\xam...')
#11 D:\Programs\xampp\htdocs\wordpress\project-cms-groupb\index.php(17): require('D:\\Programs\\xam...')
#12 {main}
  thrown in D:\Programs\xampp\htdocs\wordpress\project-cms-groupb\wp-content\plugins\porto-functionality\shortcodes\templates\porto_info_box.php on line 3

